[03:32:25] [main/INFO]: Environment: authHost='https://authserver.mojang.com', accountsHost='https://api.mojang.com', sessionHost='https://sessionserver.mojang.com', servicesHost='https://api.minecraftservices.com', name='PROD'
[03:32:25] [main/WARN]: Ambiguity between arguments [teleport, destination] and [teleport, targets] with inputs: [Player, 0123, @e, dd12be42-52a9-4a91-a8a1-11c01849e498]
[03:32:25] [main/WARN]: Ambiguity between arguments [teleport, location] and [teleport, destination] with inputs: [0.1 -0.5 .9, 0 0 0]
[03:32:25] [main/WARN]: Ambiguity between arguments [teleport, location] and [teleport, targets] with inputs: [0.1 -0.5 .9, 0 0 0]
[03:32:25] [main/WARN]: Ambiguity between arguments [teleport, targets] and [teleport, destination] with inputs: [Player, 0123, dd12be42-52a9-4a91-a8a1-11c01849e498]
[03:32:25] [main/WARN]: Ambiguity between arguments [teleport, targets, location] and [teleport, targets, destination] with inputs: [0.1 -0.5 .9, 0 0 0]
[03:32:25] [main/INFO]: Reloading ResourceManager: Default
[03:32:26] [Worker-Main-14/INFO]: Loaded 7 recipes
[03:32:26] [Worker-Main-14/INFO]: Loaded 927 advancements
[03:32:27] [Server thread/INFO]: Starting minecraft server version 1.16.5
[03:32:27] [Server thread/INFO]: Loading properties
[03:32:27] [Server thread/INFO]: Default game type: SURVIVAL
[03:32:27] [Server thread/INFO]: Generating keypair
[03:32:28] [Server thread/INFO]: Starting Minecraft server on *:25565
[03:32:28] [Server thread/INFO]: Using default channel type
[03:32:28] [Server thread/INFO]: Preparing level "world"
[03:32:28] [Server thread/WARN]: Unable to find spawn biome
[03:32:33] [Server thread/INFO]: Preparing start region for dimension minecraft:overworld
[03:32:33] [Worker-Main-11/INFO]: Preparing spawn area: 0%
[03:32:33] [Worker-Main-14/INFO]: Preparing spawn area: 0%
[03:32:34] [Worker-Main-14/INFO]: Preparing spawn area: 0%
[03:32:34] [Worker-Main-12/INFO]: Preparing spawn area: 0%
[03:32:35] [Worker-Main-11/INFO]: Preparing spawn area: 0%
[03:32:35] [Worker-Main-9/INFO]: Preparing spawn area: 1%
[03:32:36] [Worker-Main-9/INFO]: Preparing spawn area: 1%
[03:32:36] [Worker-Main-13/INFO]: Preparing spawn area: 4%
[03:32:37] [Worker-Main-8/INFO]: Preparing spawn area: 4%
[03:32:37] [Worker-Main-13/INFO]: Preparing spawn area: 9%
[03:32:38] [Worker-Main-9/INFO]: Preparing spawn area: 12%
[03:32:38] [Worker-Main-9/INFO]: Preparing spawn area: 12%
[03:32:39] [Worker-Main-9/INFO]: Preparing spawn area: 18%
[03:32:39] [Worker-Main-12/INFO]: Preparing spawn area: 18%
[03:32:40] [Worker-Main-12/INFO]: Preparing spawn area: 24%
[03:32:40] [Worker-Main-9/INFO]: Preparing spawn area: 24%
[03:32:41] [Worker-Main-12/INFO]: Preparing spawn area: 24%
[03:32:41] [Worker-Main-8/INFO]: Preparing spawn area: 24%
[03:32:42] [Worker-Main-12/INFO]: Preparing spawn area: 32%
[03:32:42] [Worker-Main-9/INFO]: Preparing spawn area: 35%
[03:32:43] [Worker-Main-10/INFO]: Preparing spawn area: 35%
[03:32:43] [Worker-Main-11/INFO]: Preparing spawn area: 42%
[03:32:44] [Worker-Main-9/INFO]: Preparing spawn area: 42%
[03:32:45] [Worker-Main-12/INFO]: Preparing spawn area: 42%
[03:32:45] [Worker-Main-13/INFO]: Preparing spawn area: 51%
[03:32:45] [Worker-Main-11/INFO]: Preparing spawn area: 51%
[03:32:46] [Worker-Main-13/INFO]: Preparing spawn area: 60%
[03:32:46] [Worker-Main-9/INFO]: Preparing spawn area: 68%
[03:32:47] [Worker-Main-12/INFO]: Preparing spawn area: 74%
[03:32:47] [Worker-Main-14/INFO]: Preparing spawn area: 82%
[03:32:48] [Worker-Main-9/INFO]: Preparing spawn area: 88%
[03:32:48] [Worker-Main-14/INFO]: Preparing spawn area: 96%
[03:32:49] [Server thread/INFO]: Time elapsed: 15749 ms
[03:32:49] [Server thread/INFO]: Done (20.810s)! For help, type "help"
